#
# There is insufficient memory for the Java Runtime Environment to continue.
# Native memory allocation (mmap) failed to map 67108864 bytes for G1 virtual space
# Possible reasons:
#   The system is out of physical RAM or swap space
#   The process is running with CompressedOops enabled, and the Java Heap may be blocking the growth of the native heap
# Possible solutions:
#   Reduce memory load on the system
#   Increase physical memory or swap space
#   Check if swap backing store is full
#   Decrease Java heap size (-Xmx/-Xms)
#   Decrease number of Java threads
#   Decrease Java thread stack sizes (-Xss)
#   Set larger code cache with -XX:ReservedCodeCacheSize=
#   JVM is running with Unscaled Compressed Oops mode in which the Java heap is
#     placed in the first 4GB address space. The Java Heap base address is the
#     maximum limit for the native heap growth. Please use -XX:HeapBaseMinAddress
#     to set the Java Heap base and to place the Java Heap above 4GB virtual address.
# This output file may be truncated or incomplete.
#
#  Out of Memory Error (os_windows.cpp:3769), pid=12764, tid=6824
#
# JRE version:  (17.0.6) (build )
# Java VM: OpenJDK 64-Bit Server VM (17.0.6+0-b2043.56-10027231, mixed mode, sharing, tiered, compressed oops, compressed class ptrs, g1 gc, windows-amd64)
# No core dump will be written. Minidumps are not enabled by default on client versions of Windows
#

---------------  S U M M A R Y ------------

Command Line: org.jetbrains.kotlin.cli.jvm.K2JVMCompiler @C:\Users\NICOLAS\Documents\AndroidStudio\CalculadoraKotlin\app\build\20240403_14624837816722915580.compiler.options

Host: Intel(R) Core(TM) i3-6006U CPU @ 2.00GHz, 4 cores, 3G,  Windows 10 , 64 bit Build 19041 (10.0.19041.3636)
Time: Wed Apr  3 18:26:53 2024 Hora est. Pacífico, Sudamérica elapsed time: 0.117005 seconds (0d 0h 0m 0s)

---------------  T H R E A D  ---------------

Current thread (0x000002d070188550):  JavaThread "Unknown thread" [_thread_in_vm, id=6824, stack(0x000000f018c00000,0x000000f018d00000)]

Stack: [0x000000f018c00000,0x000000f018d00000]
Native frames: (J=compiled Java code, j=interpreted, Vv=VM code, C=native code)
V  [jvm.dll+0x683c9a]
V  [jvm.dll+0x8427a4]
V  [jvm.dll+0x843f9e]
V  [jvm.dll+0x844603]
V  [jvm.dll+0x249b75]
V  [jvm.dll+0x680b69]
V  [jvm.dll+0x67505a]
V  [jvm.dll+0x309acb]
V  [jvm.dll+0x310f86]
V  [jvm.dll+0x3608ee]
V  [jvm.dll+0x360b1f]
V  [jvm.dll+0x2dfbf8]
V  [jvm.dll+0x2e0b64]
V  [jvm.dll+0x814091]
V  [jvm.dll+0x36e6a1]
V  [jvm.dll+0x7f35cc]
V  [jvm.dll+0x3f0e8f]
V  [jvm.dll+0x3f29d1]
C  [jli.dll+0x526b]
C  [ucrtbase.dll+0x21bb2]
C  [KERNEL32.DLL+0x17344]
C  [ntdll.dll+0x526b1]


---------------  P R O C E S S  ---------------

Threads class SMR info:
_java_thread_list=0x00007ffb1131c058, length=0, elements={
}

Java Threads: ( => current thread )

Other Threads:
  0x000002d0701c4a00 GCTaskThread "GC Thread#0" [stack: 0x000000f018d00000,0x000000f018e00000] [id=2808]
  0x000002d0701cddf0 ConcurrentGCThread "G1 Main Marker" [stack: 0x000000f018e00000,0x000000f018f00000] [id=7720]
  0x000002d0701ce8d0 ConcurrentGCThread "G1 Conc#0" [stack: 0x000000f018f00000,0x000000f019000000] [id=2476]

[error occurred during error reporting (printing all threads), id 0xc0000005, EXCEPTION_ACCESS_VIOLATION (0xc0000005) at pc=0x00007ffb10ad0797]

VM state: not at safepoint (not fully initialized)

VM Mutex/Monitor currently owned by a thread:  ([mutex/lock_event])
[0x000002d070185510] Heap_lock - owner thread: 0x000002d070188550

Heap address: 0x00000000c1e00000, size: 994 MB, Compressed Oops mode: 32-bit

CDS archive(s) mapped at: [0x0000000000000000-0x0000000000000000-0x0000000000000000), size 0, SharedBaseAddress: 0x0000000800000000, ArchiveRelocationMode: 0.
Narrow klass base: 0x0000000000000000, Narrow klass shift: 0, Narrow klass range: 0x0

GC Precious Log:
<Empty>

Heap:
 garbage-first heap   total 0K, used 0K [0x00000000c1e00000, 0x0000000100000000)
  region size 1024K, 0 young (0K), 0 survivors (0K)

[error occurred during error reporting (printing heap information), id 0xc0000005, EXCEPTION_ACCESS_VIOLATION (0xc0000005) at pc=0x00007ffb10ebda89]

GC Heap History (0 events):
No events

Dll operation events (1 events):
Event: 0.042 Loaded shared library C:\Program Files\Android\Android Studio\jbr\bin\java.dll

Deoptimization events (0 events):
No events

Classes unloaded (0 events):
No events

Classes redefined (0 events):
No events

Internal exceptions (0 events):
No events

VM Operations (0 events):
No events

Events (0 events):
No events


Dynamic libraries:
0x00007ff656180000 - 0x00007ff65618a000 	C:\Program Files\Android\Android Studio\jbr\bin\java.exe
0x00007ffb52dd0000 - 0x00007ffb52fc8000 	C:\WINDOWS\SYSTEM32\ntdll.dll
0x00007ffb0bdc0000 - 0x00007ffb0bdd9000 	C:\Program Files\Avast Software\Avast\aswhook.dll
0x00007ffb517b0000 - 0x00007ffb5186d000 	C:\WINDOWS\System32\KERNEL32.DLL
0x00007ffb504b0000 - 0x00007ffb507a6000 	C:\WINDOWS\System32\KERNELBASE.dll
0x00007ffb50d00000 - 0x00007ffb50e00000 	C:\WINDOWS\System32\ucrtbase.dll
0x00007ffb3a3b0000 - 0x00007ffb3a3cb000 	C:\Program Files\Android\Android Studio\jbr\bin\VCRUNTIME140.dll
0x00007ffb45c70000 - 0x00007ffb45c87000 	C:\Program Files\Android\Android Studio\jbr\bin\jli.dll
0x00007ffb52150000 - 0x00007ffb522ee000 	C:\WINDOWS\System32\USER32.dll
0x00007ffb50b80000 - 0x00007ffb50ba2000 	C:\WINDOWS\System32\win32u.dll
0x00007ffb51db0000 - 0x00007ffb51ddb000 	C:\WINDOWS\System32\GDI32.dll
0x00007ffb507b0000 - 0x00007ffb508c7000 	C:\WINDOWS\System32\gdi32full.dll
0x00007ffb3cb60000 - 0x00007ffb3cdfa000 	C:\WINDOWS\WinSxS\amd64_microsoft.windows.common-controls_6595b64144ccf1df_6.0.19041.3636_none_60b6a03d71f818d5\COMCTL32.dll
0x00007ffb50c60000 - 0x00007ffb50cfd000 	C:\WINDOWS\System32\msvcp_win.dll
0x00007ffb51de0000 - 0x00007ffb51e7e000 	C:\WINDOWS\System32\msvcrt.dll
0x00007ffb516e0000 - 0x00007ffb51712000 	C:\WINDOWS\System32\IMM32.DLL
0x00007ffb45fe0000 - 0x00007ffb45fec000 	C:\Program Files\Android\Android Studio\jbr\bin\vcruntime140_1.dll
0x00007ffb2bd40000 - 0x00007ffb2bdcd000 	C:\Program Files\Android\Android Studio\jbr\bin\msvcp140.dll
0x00007ffb107e0000 - 0x00007ffb1144e000 	C:\Program Files\Android\Android Studio\jbr\bin\server\jvm.dll
0x00007ffb51e90000 - 0x00007ffb51f40000 	C:\WINDOWS\System32\ADVAPI32.dll
0x00007ffb52cf0000 - 0x00007ffb52d90000 	C:\WINDOWS\System32\sechost.dll
0x00007ffb52b30000 - 0x00007ffb52c55000 	C:\WINDOWS\System32\RPCRT4.dll
0x00007ffb50480000 - 0x00007ffb504a7000 	C:\WINDOWS\System32\bcrypt.dll
0x00007ffb332b0000 - 0x00007ffb332d7000 	C:\WINDOWS\SYSTEM32\WINMM.dll
0x00007ffb397f0000 - 0x00007ffb397f9000 	C:\WINDOWS\SYSTEM32\WSOCK32.dll
0x00007ffb52ac0000 - 0x00007ffb52b2b000 	C:\WINDOWS\System32\WS2_32.dll
0x00007ffb453d0000 - 0x00007ffb453da000 	C:\WINDOWS\SYSTEM32\VERSION.dll
0x00007ffb4ecc0000 - 0x00007ffb4ecd2000 	C:\WINDOWS\SYSTEM32\kernel.appcore.dll
0x00007ffb48a20000 - 0x00007ffb48a2a000 	C:\Program Files\Android\Android Studio\jbr\bin\jimage.dll
0x00007ffb4b1d0000 - 0x00007ffb4b3b4000 	C:\WINDOWS\SYSTEM32\DBGHELP.DLL
0x00007ffb404e0000 - 0x00007ffb40514000 	C:\WINDOWS\SYSTEM32\dbgcore.DLL
0x00007ffb50940000 - 0x00007ffb509c2000 	C:\WINDOWS\System32\bcryptPrimitives.dll
0x00007ffb45fb0000 - 0x00007ffb45fd5000 	C:\Program Files\Android\Android Studio\jbr\bin\java.dll

dbghelp: loaded successfully - version: 4.0.5 - missing functions: none
symbol engine: initialized successfully - sym options: 0x614 - pdb path: .;C:\Program Files\Android\Android Studio\jbr\bin;C:\WINDOWS\SYSTEM32;C:\Program Files\Avast Software\Avast;C:\WINDOWS\WinSxS\amd64_microsoft.windows.common-controls_6595b64144ccf1df_6.0.19041.3636_none_60b6a03d71f818d5;C:\Program Files\Android\Android Studio\jbr\bin\server

VM Arguments:
java_command: org.jetbrains.kotlin.cli.jvm.K2JVMCompiler @C:\Users\NICOLAS\Documents\AndroidStudio\CalculadoraKotlin\app\build\20240403_14624837816722915580.compiler.options
java_class_path (initial): C:\Users\NICOLAS\.gradle\caches\modules-2\files-2.1\org.jetbrains.kotlin\kotlin-compiler-embeddable\1.9.0\2c8c3a7402becca891f12739b3e9fd2dc2adbd7a\kotlin-compiler-embeddable-1.9.0.jar;C:\Users\NICOLAS\.gradle\caches\modules-2\files-2.1\org.jetbrains.kotlin\kotlin-stdlib\1.9.0\8ee15ef0c67dc83d874f412d84378d7f0eb50b63\kotlin-stdlib-1.9.0.jar;C:\Users\NICOLAS\.gradle\caches\modules-2\files-2.1\org.jetbrains.kotlin\kotlin-script-runtime\1.9.0\4b3102cbbb7e1b58d9d1adf89563f00069ffa7d1\kotlin-script-runtime-1.9.0.jar;C:\Users\NICOLAS\.gradle\caches\modules-2\files-2.1\org.jetbrains.kotlin\kotlin-reflect\1.6.10\1cbe9c92c12a94eea200d23c2bbaedaf3daf5132\kotlin-reflect-1.6.10.jar;C:\Users\NICOLAS\.gradle\caches\modules-2\files-2.1\org.jetbrains.kotlin\kotlin-daemon-embeddable\1.9.0\186543f5e28cf8d9a0290fecc2cf34301c40a65c\kotlin-daemon-embeddable-1.9.0.jar;C:\Users\NICOLAS\.gradle\caches\modules-2\files-2.1\org.jetbrains.intellij.deps\trove4j\1.0.20200330\3afb14d5f9ceb459d724e907a21145e8ff394f02\trove4j-1.0.20200330.jar;C:\Users\NICOLAS\.gradle\caches\modules-2\files-2.1\org.jetbrains.kotlin\kotlin-stdlib-common\1.9.0\cd65c21cfd1eec4d44ef09f9f52b6d9f8a720636\kotlin-stdlib-common-1.9.0.jar;C:\Users\NICOLAS\.gradle\caches\modules-2\files-2.1\org.jetbrains\annotations\13.0\919f0dfe192fb4e063e7dacadee7f8bb9a2672a9\annotations-13.0.jar
Launcher Type: SUN_STANDARD

[Global flags]
     intx CICompilerCount                          = 3                                         {product} {ergonomic}
     uint ConcGCThreads                            = 1                                         {product} {ergonomic}
     uint G1ConcRefinementThreads                  = 4                                         {product} {ergonomic}
   size_t G1HeapRegionSize                         = 1048576                                   {product} {ergonomic}
    uintx GCDrainStackTargetSize                   = 64                                        {product} {ergonomic}
   size_t InitialHeapSize                          = 67108864                                  {product} {ergonomic}
   size_t MarkStackSize                            = 4194304                                   {product} {ergonomic}
   size_t MaxHeapSize                              = 1042284544                                {product} {ergonomic}
   size_t MinHeapDeltaBytes                        = 1048576                                   {product} {ergonomic}
   size_t MinHeapSize                              = 8388608                                   {product} {ergonomic}
    uintx NonNMethodCodeHeapSize                   = 5832780                                {pd product} {ergonomic}
    uintx NonProfiledCodeHeapSize                  = 122912730                              {pd product} {ergonomic}
    uintx ProfiledCodeHeapSize                     = 122912730                              {pd product} {ergonomic}
    uintx ReservedCodeCacheSize                    = 251658240                              {pd product} {ergonomic}
     bool SegmentedCodeCache                       = true                                      {product} {ergonomic}
   size_t SoftMaxHeapSize                          = 1042284544                             {manageable} {ergonomic}
     bool UseCompressedClassPointers               = true                           {product lp64_product} {ergonomic}
     bool UseCompressedOops                        = true                           {product lp64_product} {ergonomic}
     bool UseG1GC                                  = true                                      {product} {ergonomic}
     bool UseLargePagesIndividualAllocation        = false                                  {pd product} {ergonomic}

Logging:
Log output configuration:
 #0: stdout all=warning uptime,level,tags
 #1: stderr all=off uptime,level,tags

Environment Variables:
JAVA_HOME=C:\Program Files\Java\jdk-13
PATH=C:\Python312\Scripts\;C:\Python312\;C:\OracleXE\dbhomeXE\bin;C:\WINDOWS\system32;C:\WINDOWS;C:\WINDOWS\System32\Wbem;C:\WINDOWS\System32\WindowsPowerShell\v1.0\;C:\WINDOWS\System32\OpenSSH\;C:\Program Files\Git\cmd;C:\Program Files\Java\jdk-13\bin;C:\Program Files\Java\jdk-13\bin;C:\Program Files\nodejs\;C:\ProgramData\chocolatey\bin;"C:\Users\NICOLAS\AppData\Local\Microsoft\WindowsApps;C:\Program Files\Java\jdk-13\bin";;C:\Program Files\JetBrains\PyCharm Community Edition 2022.3.1\bin;;C:\Users\NICOLAS\AppData\Roaming\npm;C:\Program Files\heroku\bin
USERNAME=NICOLAS
OS=Windows_NT
PROCESSOR_IDENTIFIER=Intel64 Family 6 Model 78 Stepping 3, GenuineIntel
TMP=C:\Users\NICOLAS\AppData\Local\Temp
TEMP=C:\Users\NICOLAS\AppData\Local\Temp


JNI global refs:

[error occurred during error reporting (JNI global references), id 0xc0000005, EXCEPTION_ACCESS_VIOLATION (0xc0000005) at pc=0x00007ffb10897a10]


---------------  S Y S T E M  ---------------

OS:
 Windows 10 , 64 bit Build 19041 (10.0.19041.3636)
OS uptime: 0 days 2:49 hours

CPU: total 4 (initial active 4) (2 cores per cpu, 2 threads per core) family 6 model 78 stepping 3 microcode 0xcc, cx8, cmov, fxsr, ht, mmx, 3dnowpref, sse, sse2, sse3, ssse3, sse4.1, sse4.2, popcnt, lzcnt, tsc, tscinvbit, avx, avx2, aes, erms, clmul, bmi1, bmi2, adx, fma, vzeroupper, clflush, clflushopt

Memory: 4k page, system-wide physical 3971M (196M free)
TotalPageFile size 8067M (AvailPageFile size 64M)
current process WorkingSet (physical memory assigned to process): 9M, peak: 9M
current process commit charge ("private bytes"): 51M, peak: 115M

vm_info: OpenJDK 64-Bit Server VM (17.0.6+0-b2043.56-10027231) for windows-amd64 JRE (17.0.6+0-b2043.56-10027231), built on Apr 28 2023 00:43:19 by "androidbuild" with MS VC++ 16.10 / 16.11 (VS2019)

END.
